[2026-03-31T20:39:34.364Z] GET http://localhost:8787/ → 200 (10ms, 36685B)
[2026-03-31T20:39:34.382Z] GET https://fonts.googleapis.com/css2?family=Noto+Sans+KR:wght@300;400;700;900&family=JetBrains+Mono:wght@400;700&family=Libre+Baskerville:ital,wght@0,400;0,700;1,400&display=swap → 200 (194ms, 388411B)
[2026-03-31T20:39:34.383Z] GET http://localhost:8787/assets/inbody-logo-white.svg → 200 (10ms, 26998B)
[2026-03-31T20:39:34.750Z] GET https://fonts.gstatic.com/s/jetbrainsmono/v24/tDbv2o-flEEny0FZhsfKu5WU4zr3E_BX0PnT8RD8yKwBNntkaToggR7BYRbKPxDcwgknk-4.woff2 → 200 (137ms, 31340B)
[2026-03-31T20:39:34.750Z] GET https://fonts.gstatic.com/s/notosanskr/v39/PbykFmXiEBPT4ITbgNA5Cgm203Tq4JJWq209pU0DPdWuqxJFA4GNDCBYtw.118.woff2 → 200 (162ms, 14668B)
[2026-03-31T20:39:34.750Z] GET https://fonts.gstatic.com/s/notosanskr/v39/PbykFmXiEBPT4ITbgNA5Cgm203Tq4JJWq209pU0DPdWuqxJFA4GNDCBYtw.119.woff2 → 200 (173ms, 16668B)
[2026-03-31T20:39:34.750Z] GET https://fonts.gstatic.com/s/librebaskerville/v24/kmKnZrc3Hgbbcjq75U4uslyuy4kn0qNZaxMaC82U.woff2 → 200 (156ms, 33852B)
[2026-03-31T20:39:34.750Z] GET https://fonts.gstatic.com/s/notosanskr/v39/PbykFmXiEBPT4ITbgNA5CgmG0X7twpAcuQ.woff2 → 200 (198ms, 26084B)
[2026-03-31T20:39:34.751Z] GET https://fonts.gstatic.com/s/notosanskr/v39/PbykFmXiEBPT4ITbgNA5Cgm203Tq4JJWq209pU0DPdWuqxJFA4GNDCBYtw.117.woff2 → 200 (208ms, 14420B)
[2026-03-31T20:39:34.751Z] GET https://fonts.gstatic.com/s/notosanskr/v39/PbykFmXiEBPT4ITbgNA5Cgm203Tq4JJWq209pU0DPdWuqxJFA4GNDCBYtw.113.woff2 → 200 (191ms, 16492B)
[2026-03-31T20:39:34.751Z] GET https://fonts.gstatic.com/s/notosanskr/v39/PbykFmXiEBPT4ITbgNA5Cgm203Tq4JJWq209pU0DPdWuqxJFA4GNDCBYtw.116.woff2 → 200 (189ms, 16172B)
[2026-03-31T20:39:34.751Z] GET https://fonts.gstatic.com/s/notosanskr/v39/PbykFmXiEBPT4ITbgNA5Cgm203Tq4JJWq209pU0DPdWuqxJFA4GNDCBYtw.115.woff2 → 200 (189ms, 16288B)
[2026-03-31T20:39:34.751Z] GET https://fonts.gstatic.com/s/notosanskr/v39/PbykFmXiEBPT4ITbgNA5Cgm203Tq4JJWq209pU0DPdWuqxJFA4GNDCBYtw.108.woff2 → 200 (175ms, 19664B)
[2026-03-31T20:39:34.751Z] GET https://fonts.gstatic.com/s/notosanskr/v39/PbykFmXiEBPT4ITbgNA5Cgm203Tq4JJWq209pU0DPdWuqxJFA4GNDCBYtw.111.woff2 → 200 (228ms, 17416B)
[2026-03-31T20:39:34.752Z] GET https://fonts.gstatic.com/s/notosanskr/v39/PbykFmXiEBPT4ITbgNA5Cgm203Tq4JJWq209pU0DPdWuqxJFA4GNDCBYtw.114.woff2 → 200 (225ms, 16176B)
[2026-03-31T20:39:34.752Z] GET https://fonts.gstatic.com/s/notosanskr/v39/PbykFmXiEBPT4ITbgNA5Cgm203Tq4JJWq209pU0DPdWuqxJFA4GNDCBYtw.112.woff2 → 200 (228ms, 16444B)
[2026-03-31T20:39:34.753Z] GET https://fonts.gstatic.com/s/notosanskr/v39/PbykFmXiEBPT4ITbgNA5Cgm203Tq4JJWq209pU0DPdWuqxJFA4GNDCBYtw.110.woff2 → 200 (220ms, 17604B)
[2026-03-31T20:39:34.753Z] GET https://fonts.gstatic.com/s/notosanskr/v39/PbykFmXiEBPT4ITbgNA5Cgm203Tq4JJWq209pU0DPdWuqxJFA4GNDCBYtw.102.woff2 → 200 (220ms, 25560B)
[2026-03-31T20:39:34.753Z] GET https://fonts.gstatic.com/s/notosanskr/v39/PbykFmXiEBPT4ITbgNA5Cgm203Tq4JJWq209pU0DPdWuqxJFA4GNDCBYtw.109.woff2 → 200 (209ms, 17988B)
[2026-03-31T20:39:34.753Z] GET https://fonts.gstatic.com/s/notosanskr/v39/PbykFmXiEBPT4ITbgNA5Cgm203Tq4JJWq209pU0DPdWuqxJFA4GNDCBYtw.101.woff2 → 200 (207ms, 26020B)
[2026-03-31T20:39:34.753Z] GET https://fonts.gstatic.com/s/librebaskerville/v24/kmKWZrc3Hgbbcjq75U4uslyuy4kn0qNccR04_RUJeby2OU36SjNNlufweKgfqIc.woff2 → 200 (206ms, 21564B)
[2026-03-31T20:39:34.753Z] GET https://fonts.gstatic.com/s/notosanskr/v39/PbykFmXiEBPT4ITbgNA5Cgm203Tq4JJWq209pU0DPdWuqxJFA4GNDCBYtw.99.woff2 → 200 (223ms, 16920B)
[2026-03-31T20:39:34.754Z] GET https://fonts.gstatic.com/s/notosanskr/v39/PbykFmXiEBPT4ITbgNA5Cgm203Tq4JJWq209pU0DPdWuqxJFA4GNDCBYtw.59.woff2 → 200 (223ms, 25200B)
[2026-03-31T20:39:47.083Z] GET http://localhost:8787/ → 200 (2ms, 36685B)
[2026-03-31T20:39:47.088Z] GET https://fonts.googleapis.com/css2?family=Noto+Sans+KR:wght@300;400;700;900&family=JetBrains+Mono:wght@400;700&family=Libre+Baskerville:ital,wght@0,400;0,700;1,400&display=swap → 200 (?ms, 388411B)
[2026-03-31T20:39:47.088Z] GET http://localhost:8787/assets/inbody-logo-white.svg → 200 (?ms, 26998B)
[2026-03-31T20:39:47.091Z] GET https://fonts.gstatic.com/s/jetbrainsmono/v24/tDbv2o-flEEny0FZhsfKu5WU4zr3E_BX0PnT8RD8yKwBNntkaToggR7BYRbKPxDcwgknk-4.woff2 → 200 (?ms, ?B)
[2026-03-31T20:39:47.091Z] GET https://fonts.gstatic.com/s/librebaskerville/v24/kmKWZrc3Hgbbcjq75U4uslyuy4kn0qNccR04_RUJeby2OU36SjNNlufweKgfqIc.woff2 → 200 (?ms, ?B)
[2026-03-31T20:39:47.092Z] GET https://fonts.gstatic.com/s/librebaskerville/v24/kmKnZrc3Hgbbcjq75U4uslyuy4kn0qNZaxMaC82U.woff2 → 200 (?ms, ?B)
[2026-03-31T20:39:47.092Z] GET https://fonts.gstatic.com/s/notosanskr/v39/PbykFmXiEBPT4ITbgNA5Cgm203Tq4JJWq209pU0DPdWuqxJFA4GNDCBYtw.59.woff2 → 200 (?ms, ?B)
[2026-03-31T20:39:47.092Z] GET https://fonts.gstatic.com/s/notosanskr/v39/PbykFmXiEBPT4ITbgNA5Cgm203Tq4JJWq209pU0DPdWuqxJFA4GNDCBYtw.99.woff2 → 200 (?ms, ?B)
[2026-03-31T20:39:47.092Z] GET https://fonts.gstatic.com/s/notosanskr/v39/PbykFmXiEBPT4ITbgNA5Cgm203Tq4JJWq209pU0DPdWuqxJFA4GNDCBYtw.101.woff2 → 200 (1ms, ?B)
[2026-03-31T20:39:47.093Z] GET https://fonts.gstatic.com/s/notosanskr/v39/PbykFmXiEBPT4ITbgNA5Cgm203Tq4JJWq209pU0DPdWuqxJFA4GNDCBYtw.102.woff2 → 200 (?ms, ?B)
[2026-03-31T20:39:47.093Z] GET https://fonts.gstatic.com/s/notosanskr/v39/PbykFmXiEBPT4ITbgNA5Cgm203Tq4JJWq209pU0DPdWuqxJFA4GNDCBYtw.108.woff2 → 200 (?ms, ?B)
[2026-03-31T20:39:47.094Z] GET https://fonts.gstatic.com/s/notosanskr/v39/PbykFmXiEBPT4ITbgNA5Cgm203Tq4JJWq209pU0DPdWuqxJFA4GNDCBYtw.109.woff2 → 200 (?ms, ?B)
[2026-03-31T20:39:47.094Z] GET https://fonts.gstatic.com/s/notosanskr/v39/PbykFmXiEBPT4ITbgNA5Cgm203Tq4JJWq209pU0DPdWuqxJFA4GNDCBYtw.110.woff2 → 200 (?ms, ?B)
[2026-03-31T20:39:47.095Z] GET https://fonts.gstatic.com/s/notosanskr/v39/PbykFmXiEBPT4ITbgNA5Cgm203Tq4JJWq209pU0DPdWuqxJFA4GNDCBYtw.111.woff2 → 200 (?ms, ?B)
[2026-03-31T20:39:47.095Z] GET https://fonts.gstatic.com/s/notosanskr/v39/PbykFmXiEBPT4ITbgNA5Cgm203Tq4JJWq209pU0DPdWuqxJFA4GNDCBYtw.112.woff2 → 200 (?ms, ?B)
[2026-03-31T20:39:47.096Z] GET https://fonts.gstatic.com/s/notosanskr/v39/PbykFmXiEBPT4ITbgNA5Cgm203Tq4JJWq209pU0DPdWuqxJFA4GNDCBYtw.113.woff2 → 200 (?ms, ?B)
[2026-03-31T20:39:47.096Z] GET https://fonts.gstatic.com/s/notosanskr/v39/PbykFmXiEBPT4ITbgNA5Cgm203Tq4JJWq209pU0DPdWuqxJFA4GNDCBYtw.114.woff2 → 200 (?ms, ?B)
[2026-03-31T20:39:47.097Z] GET https://fonts.gstatic.com/s/notosanskr/v39/PbykFmXiEBPT4ITbgNA5Cgm203Tq4JJWq209pU0DPdWuqxJFA4GNDCBYtw.115.woff2 → 200 (?ms, ?B)
[2026-03-31T20:39:47.097Z] GET https://fonts.gstatic.com/s/notosanskr/v39/PbykFmXiEBPT4ITbgNA5Cgm203Tq4JJWq209pU0DPdWuqxJFA4GNDCBYtw.116.woff2 → 200 (?ms, ?B)
[2026-03-31T20:39:47.097Z] GET https://fonts.gstatic.com/s/notosanskr/v39/PbykFmXiEBPT4ITbgNA5Cgm203Tq4JJWq209pU0DPdWuqxJFA4GNDCBYtw.117.woff2 → 200 (?ms, ?B)
[2026-03-31T20:39:47.097Z] GET https://fonts.gstatic.com/s/notosanskr/v39/PbykFmXiEBPT4ITbgNA5Cgm203Tq4JJWq209pU0DPdWuqxJFA4GNDCBYtw.118.woff2 → 200 (?ms, ?B)
[2026-03-31T20:39:47.098Z] GET https://fonts.gstatic.com/s/notosanskr/v39/PbykFmXiEBPT4ITbgNA5Cgm203Tq4JJWq209pU0DPdWuqxJFA4GNDCBYtw.119.woff2 → 200 (?ms, ?B)
[2026-03-31T20:39:47.098Z] GET https://fonts.gstatic.com/s/notosanskr/v39/PbykFmXiEBPT4ITbgNA5CgmG0X7twpAcuQ.woff2 → 200 (?ms, ?B)
[2026-03-31T20:39:48.001Z] GET http://localhost:8787/ → 200 (1ms, 36685B)
[2026-03-31T20:39:48.005Z] GET https://fonts.googleapis.com/css2?family=Noto+Sans+KR:wght@300;400;700;900&family=JetBrains+Mono:wght@400;700&family=Libre+Baskerville:ital,wght@0,400;0,700;1,400&display=swap → 200 (?ms, 388411B)
[2026-03-31T20:39:48.005Z] GET http://localhost:8787/assets/inbody-logo-white.svg → 200 (?ms, 26998B)
[2026-03-31T20:39:48.008Z] GET https://fonts.gstatic.com/s/jetbrainsmono/v24/tDbv2o-flEEny0FZhsfKu5WU4zr3E_BX0PnT8RD8yKwBNntkaToggR7BYRbKPxDcwgknk-4.woff2 → 200 (2ms, ?B)
[2026-03-31T20:39:48.011Z] GET https://fonts.gstatic.com/s/librebaskerville/v24/kmKWZrc3Hgbbcjq75U4uslyuy4kn0qNccR04_RUJeby2OU36SjNNlufweKgfqIc.woff2 → 200 (?ms, ?B)
[2026-03-31T20:39:48.011Z] GET https://fonts.gstatic.com/s/librebaskerville/v24/kmKnZrc3Hgbbcjq75U4uslyuy4kn0qNZaxMaC82U.woff2 → 200 (?ms, ?B)
[2026-03-31T20:39:48.011Z] GET https://fonts.gstatic.com/s/notosanskr/v39/PbykFmXiEBPT4ITbgNA5Cgm203Tq4JJWq209pU0DPdWuqxJFA4GNDCBYtw.59.woff2 → 200 (?ms, ?B)
[2026-03-31T20:39:48.011Z] GET https://fonts.gstatic.com/s/notosanskr/v39/PbykFmXiEBPT4ITbgNA5Cgm203Tq4JJWq209pU0DPdWuqxJFA4GNDCBYtw.99.woff2 → 200 (1ms, ?B)
[2026-03-31T20:39:48.012Z] GET https://fonts.gstatic.com/s/notosanskr/v39/PbykFmXiEBPT4ITbgNA5Cgm203Tq4JJWq209pU0DPdWuqxJFA4GNDCBYtw.101.woff2 → 200 (?ms, ?B)
[2026-03-31T20:39:48.012Z] GET https://fonts.gstatic.com/s/notosanskr/v39/PbykFmXiEBPT4ITbgNA5Cgm203Tq4JJWq209pU0DPdWuqxJFA4GNDCBYtw.102.woff2 → 200 (1ms, ?B)
[2026-03-31T20:39:48.013Z] GET https://fonts.gstatic.com/s/notosanskr/v39/PbykFmXiEBPT4ITbgNA5Cgm203Tq4JJWq209pU0DPdWuqxJFA4GNDCBYtw.108.woff2 → 200 (?ms, ?B)
[2026-03-31T20:39:48.013Z] GET https://fonts.gstatic.com/s/notosanskr/v39/PbykFmXiEBPT4ITbgNA5Cgm203Tq4JJWq209pU0DPdWuqxJFA4GNDCBYtw.109.woff2 → 200 (1ms, ?B)
[2026-03-31T20:39:48.015Z] GET https://fonts.gstatic.com/s/notosanskr/v39/PbykFmXiEBPT4ITbgNA5Cgm203Tq4JJWq209pU0DPdWuqxJFA4GNDCBYtw.110.woff2 → 200 (?ms, ?B)
[2026-03-31T20:39:48.015Z] GET https://fonts.gstatic.com/s/notosanskr/v39/PbykFmXiEBPT4ITbgNA5Cgm203Tq4JJWq209pU0DPdWuqxJFA4GNDCBYtw.111.woff2 → 200 (1ms, ?B)
[2026-03-31T20:39:48.016Z] GET https://fonts.gstatic.com/s/notosanskr/v39/PbykFmXiEBPT4ITbgNA5Cgm203Tq4JJWq209pU0DPdWuqxJFA4GNDCBYtw.112.woff2 → 200 (?ms, ?B)
[2026-03-31T20:39:48.016Z] GET https://fonts.gstatic.com/s/notosanskr/v39/PbykFmXiEBPT4ITbgNA5Cgm203Tq4JJWq209pU0DPdWuqxJFA4GNDCBYtw.113.woff2 → 200 (1ms, ?B)
[2026-03-31T20:39:48.017Z] GET https://fonts.gstatic.com/s/notosanskr/v39/PbykFmXiEBPT4ITbgNA5Cgm203Tq4JJWq209pU0DPdWuqxJFA4GNDCBYtw.114.woff2 → 200 (?ms, ?B)
[2026-03-31T20:39:48.017Z] GET https://fonts.gstatic.com/s/notosanskr/v39/PbykFmXiEBPT4ITbgNA5Cgm203Tq4JJWq209pU0DPdWuqxJFA4GNDCBYtw.115.woff2 → 200 (?ms, ?B)
[2026-03-31T20:39:48.017Z] GET https://fonts.gstatic.com/s/notosanskr/v39/PbykFmXiEBPT4ITbgNA5Cgm203Tq4JJWq209pU0DPdWuqxJFA4GNDCBYtw.116.woff2 → 200 (?ms, ?B)
[2026-03-31T20:39:48.017Z] GET https://fonts.gstatic.com/s/notosanskr/v39/PbykFmXiEBPT4ITbgNA5Cgm203Tq4JJWq209pU0DPdWuqxJFA4GNDCBYtw.117.woff2 → 200 (1ms, ?B)
[2026-03-31T20:39:48.018Z] GET https://fonts.gstatic.com/s/notosanskr/v39/PbykFmXiEBPT4ITbgNA5Cgm203Tq4JJWq209pU0DPdWuqxJFA4GNDCBYtw.118.woff2 → 200 (?ms, ?B)
[2026-03-31T20:39:48.018Z] GET https://fonts.gstatic.com/s/notosanskr/v39/PbykFmXiEBPT4ITbgNA5Cgm203Tq4JJWq209pU0DPdWuqxJFA4GNDCBYtw.119.woff2 → 200 (?ms, ?B)
[2026-03-31T20:39:48.018Z] GET https://fonts.gstatic.com/s/notosanskr/v39/PbykFmXiEBPT4ITbgNA5CgmG0X7twpAcuQ.woff2 → 200 (?ms, ?B)
[2026-03-31T20:39:49.172Z] GET http://localhost:8787/ → 200 (?ms, 36685B)
[2026-03-31T20:39:49.175Z] GET https://fonts.googleapis.com/css2?family=Noto+Sans+KR:wght@300;400;700;900&family=JetBrains+Mono:wght@400;700&family=Libre+Baskerville:ital,wght@0,400;0,700;1,400&display=swap → 200 (?ms, 388411B)
[2026-03-31T20:39:49.175Z] GET http://localhost:8787/assets/inbody-logo-white.svg → 200 (?ms, 26998B)
[2026-03-31T20:39:49.178Z] GET https://fonts.gstatic.com/s/jetbrainsmono/v24/tDbv2o-flEEny0FZhsfKu5WU4zr3E_BX0PnT8RD8yKwBNntkaToggR7BYRbKPxDcwgknk-4.woff2 → 200 (?ms, ?B)
[2026-03-31T20:39:49.179Z] GET https://fonts.gstatic.com/s/librebaskerville/v24/kmKWZrc3Hgbbcjq75U4uslyuy4kn0qNccR04_RUJeby2OU36SjNNlufweKgfqIc.woff2 → 200 (?ms, ?B)
[2026-03-31T20:39:49.179Z] GET https://fonts.gstatic.com/s/librebaskerville/v24/kmKnZrc3Hgbbcjq75U4uslyuy4kn0qNZaxMaC82U.woff2 → 200 (?ms, ?B)
[2026-03-31T20:39:49.180Z] GET https://fonts.gstatic.com/s/notosanskr/v39/PbykFmXiEBPT4ITbgNA5Cgm203Tq4JJWq209pU0DPdWuqxJFA4GNDCBYtw.59.woff2 → 200 (?ms, ?B)
[2026-03-31T20:39:49.180Z] GET https://fonts.gstatic.com/s/notosanskr/v39/PbykFmXiEBPT4ITbgNA5Cgm203Tq4JJWq209pU0DPdWuqxJFA4GNDCBYtw.99.woff2 → 200 (?ms, ?B)
[2026-03-31T20:39:49.180Z] GET https://fonts.gstatic.com/s/notosanskr/v39/PbykFmXiEBPT4ITbgNA5Cgm203Tq4JJWq209pU0DPdWuqxJFA4GNDCBYtw.101.woff2 → 200 (1ms, ?B)
[2026-03-31T20:39:49.181Z] GET https://fonts.gstatic.com/s/notosanskr/v39/PbykFmXiEBPT4ITbgNA5Cgm203Tq4JJWq209pU0DPdWuqxJFA4GNDCBYtw.102.woff2 → 200 (?ms, ?B)
[2026-03-31T20:39:49.181Z] GET https://fonts.gstatic.com/s/notosanskr/v39/PbykFmXiEBPT4ITbgNA5Cgm203Tq4JJWq209pU0DPdWuqxJFA4GNDCBYtw.108.woff2 → 200 (?ms, ?B)
[2026-03-31T20:39:49.182Z] GET https://fonts.gstatic.com/s/notosanskr/v39/PbykFmXiEBPT4ITbgNA5Cgm203Tq4JJWq209pU0DPdWuqxJFA4GNDCBYtw.109.woff2 → 200 (?ms, ?B)
[2026-03-31T20:39:49.182Z] GET https://fonts.gstatic.com/s/notosanskr/v39/PbykFmXiEBPT4ITbgNA5Cgm203Tq4JJWq209pU0DPdWuqxJFA4GNDCBYtw.110.woff2 → 200 (?ms, ?B)
[2026-03-31T20:39:49.182Z] GET https://fonts.gstatic.com/s/notosanskr/v39/PbykFmXiEBPT4ITbgNA5Cgm203Tq4JJWq209pU0DPdWuqxJFA4GNDCBYtw.111.woff2 → 200 (?ms, ?B)
[2026-03-31T20:39:49.182Z] GET https://fonts.gstatic.com/s/notosanskr/v39/PbykFmXiEBPT4ITbgNA5Cgm203Tq4JJWq209pU0DPdWuqxJFA4GNDCBYtw.112.woff2 → 200 (?ms, ?B)
[2026-03-31T20:39:49.182Z] GET https://fonts.gstatic.com/s/notosanskr/v39/PbykFmXiEBPT4ITbgNA5Cgm203Tq4JJWq209pU0DPdWuqxJFA4GNDCBYtw.113.woff2 → 200 (?ms, ?B)
[2026-03-31T20:39:49.183Z] GET https://fonts.gstatic.com/s/notosanskr/v39/PbykFmXiEBPT4ITbgNA5Cgm203Tq4JJWq209pU0DPdWuqxJFA4GNDCBYtw.114.woff2 → 200 (?ms, ?B)
[2026-03-31T20:39:49.183Z] GET https://fonts.gstatic.com/s/notosanskr/v39/PbykFmXiEBPT4ITbgNA5Cgm203Tq4JJWq209pU0DPdWuqxJFA4GNDCBYtw.115.woff2 → 200 (?ms, ?B)
[2026-03-31T20:39:49.183Z] GET https://fonts.gstatic.com/s/notosanskr/v39/PbykFmXiEBPT4ITbgNA5Cgm203Tq4JJWq209pU0DPdWuqxJFA4GNDCBYtw.116.woff2 → 200 (?ms, ?B)
[2026-03-31T20:39:49.183Z] GET https://fonts.gstatic.com/s/notosanskr/v39/PbykFmXiEBPT4ITbgNA5Cgm203Tq4JJWq209pU0DPdWuqxJFA4GNDCBYtw.117.woff2 → 200 (?ms, ?B)
[2026-03-31T20:39:49.183Z] GET https://fonts.gstatic.com/s/notosanskr/v39/PbykFmXiEBPT4ITbgNA5Cgm203Tq4JJWq209pU0DPdWuqxJFA4GNDCBYtw.118.woff2 → 200 (1ms, ?B)
[2026-03-31T20:39:49.184Z] GET https://fonts.gstatic.com/s/notosanskr/v39/PbykFmXiEBPT4ITbgNA5Cgm203Tq4JJWq209pU0DPdWuqxJFA4GNDCBYtw.119.woff2 → 200 (?ms, ?B)
[2026-03-31T20:39:49.184Z] GET https://fonts.gstatic.com/s/notosanskr/v39/PbykFmXiEBPT4ITbgNA5CgmG0X7twpAcuQ.woff2 → 200 (?ms, ?B)
[2026-03-31T20:39:50.562Z] GET http://localhost:8787/ → 200 (1ms, 36685B)
[2026-03-31T20:39:50.566Z] GET https://fonts.googleapis.com/css2?family=Noto+Sans+KR:wght@300;400;700;900&family=JetBrains+Mono:wght@400;700&family=Libre+Baskerville:ital,wght@0,400;0,700;1,400&display=swap → 200 (?ms, 388411B)
[2026-03-31T20:39:50.566Z] GET http://localhost:8787/assets/inbody-logo-white.svg → 200 (?ms, 26998B)
[2026-03-31T20:39:50.568Z] GET https://fonts.gstatic.com/s/jetbrainsmono/v24/tDbv2o-flEEny0FZhsfKu5WU4zr3E_BX0PnT8RD8yKwBNntkaToggR7BYRbKPxDcwgknk-4.woff2 → 200 (1ms, ?B)
[2026-03-31T20:39:50.569Z] GET https://fonts.gstatic.com/s/librebaskerville/v24/kmKWZrc3Hgbbcjq75U4uslyuy4kn0qNccR04_RUJeby2OU36SjNNlufweKgfqIc.woff2 → 200 (?ms, ?B)
[2026-03-31T20:39:50.569Z] GET https://fonts.gstatic.com/s/librebaskerville/v24/kmKnZrc3Hgbbcjq75U4uslyuy4kn0qNZaxMaC82U.woff2 → 200 (?ms, ?B)
[2026-03-31T20:39:50.569Z] GET https://fonts.gstatic.com/s/notosanskr/v39/PbykFmXiEBPT4ITbgNA5Cgm203Tq4JJWq209pU0DPdWuqxJFA4GNDCBYtw.59.woff2 → 200 (?ms, ?B)
[2026-03-31T20:39:50.569Z] GET https://fonts.gstatic.com/s/notosanskr/v39/PbykFmXiEBPT4ITbgNA5Cgm203Tq4JJWq209pU0DPdWuqxJFA4GNDCBYtw.99.woff2 → 200 (?ms, ?B)
[2026-03-31T20:39:50.569Z] GET https://fonts.gstatic.com/s/notosanskr/v39/PbykFmXiEBPT4ITbgNA5Cgm203Tq4JJWq209pU0DPdWuqxJFA4GNDCBYtw.101.woff2 → 200 (?ms, ?B)
[2026-03-31T20:39:50.569Z] GET https://fonts.gstatic.com/s/notosanskr/v39/PbykFmXiEBPT4ITbgNA5Cgm203Tq4JJWq209pU0DPdWuqxJFA4GNDCBYtw.102.woff2 → 200 (1ms, ?B)
[2026-03-31T20:39:50.570Z] GET https://fonts.gstatic.com/s/notosanskr/v39/PbykFmXiEBPT4ITbgNA5Cgm203Tq4JJWq209pU0DPdWuqxJFA4GNDCBYtw.108.woff2 → 200 (?ms, ?B)
[2026-03-31T20:39:50.570Z] GET https://fonts.gstatic.com/s/notosanskr/v39/PbykFmXiEBPT4ITbgNA5Cgm203Tq4JJWq209pU0DPdWuqxJFA4GNDCBYtw.109.woff2 → 200 (1ms, ?B)
[2026-03-31T20:39:50.571Z] GET https://fonts.gstatic.com/s/notosanskr/v39/PbykFmXiEBPT4ITbgNA5Cgm203Tq4JJWq209pU0DPdWuqxJFA4GNDCBYtw.110.woff2 → 200 (?ms, ?B)
[2026-03-31T20:39:50.571Z] GET https://fonts.gstatic.com/s/notosanskr/v39/PbykFmXiEBPT4ITbgNA5Cgm203Tq4JJWq209pU0DPdWuqxJFA4GNDCBYtw.111.woff2 → 200 (?ms, ?B)
[2026-03-31T20:39:50.571Z] GET https://fonts.gstatic.com/s/notosanskr/v39/PbykFmXiEBPT4ITbgNA5Cgm203Tq4JJWq209pU0DPdWuqxJFA4GNDCBYtw.112.woff2 → 200 (?ms, ?B)
[2026-03-31T20:39:50.571Z] GET https://fonts.gstatic.com/s/notosanskr/v39/PbykFmXiEBPT4ITbgNA5Cgm203Tq4JJWq209pU0DPdWuqxJFA4GNDCBYtw.113.woff2 → 200 (1ms, ?B)
[2026-03-31T20:39:50.572Z] GET https://fonts.gstatic.com/s/notosanskr/v39/PbykFmXiEBPT4ITbgNA5Cgm203Tq4JJWq209pU0DPdWuqxJFA4GNDCBYtw.114.woff2 → 200 (?ms, ?B)
[2026-03-31T20:39:50.572Z] GET https://fonts.gstatic.com/s/notosanskr/v39/PbykFmXiEBPT4ITbgNA5Cgm203Tq4JJWq209pU0DPdWuqxJFA4GNDCBYtw.115.woff2 → 200 (?ms, ?B)
[2026-03-31T20:39:50.572Z] GET https://fonts.gstatic.com/s/notosanskr/v39/PbykFmXiEBPT4ITbgNA5Cgm203Tq4JJWq209pU0DPdWuqxJFA4GNDCBYtw.116.woff2 → 200 (?ms, ?B)
[2026-03-31T20:39:50.572Z] GET https://fonts.gstatic.com/s/notosanskr/v39/PbykFmXiEBPT4ITbgNA5Cgm203Tq4JJWq209pU0DPdWuqxJFA4GNDCBYtw.117.woff2 → 200 (?ms, ?B)
[2026-03-31T20:39:50.572Z] GET https://fonts.gstatic.com/s/notosanskr/v39/PbykFmXiEBPT4ITbgNA5Cgm203Tq4JJWq209pU0DPdWuqxJFA4GNDCBYtw.118.woff2 → 200 (?ms, ?B)
[2026-03-31T20:39:50.572Z] GET https://fonts.gstatic.com/s/notosanskr/v39/PbykFmXiEBPT4ITbgNA5Cgm203Tq4JJWq209pU0DPdWuqxJFA4GNDCBYtw.119.woff2 → 200 (1ms, ?B)
[2026-03-31T20:39:50.573Z] GET https://fonts.gstatic.com/s/notosanskr/v39/PbykFmXiEBPT4ITbgNA5CgmG0X7twpAcuQ.woff2 → 200 (?ms, ?B)
[2026-03-31T20:39:52.678Z] GET http://localhost:8787/ → 200 (?ms, 36685B)
[2026-03-31T20:39:52.681Z] GET https://fonts.googleapis.com/css2?family=Noto+Sans+KR:wght@300;400;700;900&family=JetBrains+Mono:wght@400;700&family=Libre+Baskerville:ital,wght@0,400;0,700;1,400&display=swap → 200 (?ms, 388411B)
[2026-03-31T20:39:52.681Z] GET http://localhost:8787/assets/inbody-logo-white.svg → 200 (?ms, 26998B)
[2026-03-31T20:39:52.684Z] GET https://fonts.gstatic.com/s/jetbrainsmono/v24/tDbv2o-flEEny0FZhsfKu5WU4zr3E_BX0PnT8RD8yKwBNntkaToggR7BYRbKPxDcwgknk-4.woff2 → 200 (?ms, ?B)
[2026-03-31T20:39:52.684Z] GET https://fonts.gstatic.com/s/librebaskerville/v24/kmKWZrc3Hgbbcjq75U4uslyuy4kn0qNccR04_RUJeby2OU36SjNNlufweKgfqIc.woff2 → 200 (?ms, ?B)
[2026-03-31T20:39:52.684Z] GET https://fonts.gstatic.com/s/librebaskerville/v24/kmKnZrc3Hgbbcjq75U4uslyuy4kn0qNZaxMaC82U.woff2 → 200 (?ms, ?B)
[2026-03-31T20:39:52.685Z] GET https://fonts.gstatic.com/s/notosanskr/v39/PbykFmXiEBPT4ITbgNA5Cgm203Tq4JJWq209pU0DPdWuqxJFA4GNDCBYtw.59.woff2 → 200 (?ms, ?B)
[2026-03-31T20:39:52.685Z] GET https://fonts.gstatic.com/s/notosanskr/v39/PbykFmXiEBPT4ITbgNA5Cgm203Tq4JJWq209pU0DPdWuqxJFA4GNDCBYtw.99.woff2 → 200 (?ms, ?B)
[2026-03-31T20:39:52.686Z] GET https://fonts.gstatic.com/s/notosanskr/v39/PbykFmXiEBPT4ITbgNA5Cgm203Tq4JJWq209pU0DPdWuqxJFA4GNDCBYtw.101.woff2 → 200 (?ms, ?B)
[2026-03-31T20:39:52.686Z] GET https://fonts.gstatic.com/s/notosanskr/v39/PbykFmXiEBPT4ITbgNA5Cgm203Tq4JJWq209pU0DPdWuqxJFA4GNDCBYtw.102.woff2 → 200 (?ms, ?B)
[2026-03-31T20:39:52.686Z] GET https://fonts.gstatic.com/s/notosanskr/v39/PbykFmXiEBPT4ITbgNA5Cgm203Tq4JJWq209pU0DPdWuqxJFA4GNDCBYtw.108.woff2 → 200 (?ms, ?B)
[2026-03-31T20:39:52.686Z] GET https://fonts.gstatic.com/s/notosanskr/v39/PbykFmXiEBPT4ITbgNA5Cgm203Tq4JJWq209pU0DPdWuqxJFA4GNDCBYtw.109.woff2 → 200 (?ms, ?B)
[2026-03-31T20:39:52.687Z] GET https://fonts.gstatic.com/s/notosanskr/v39/PbykFmXiEBPT4ITbgNA5Cgm203Tq4JJWq209pU0DPdWuqxJFA4GNDCBYtw.110.woff2 → 200 (?ms, ?B)
[2026-03-31T20:39:52.688Z] GET https://fonts.gstatic.com/s/notosanskr/v39/PbykFmXiEBPT4ITbgNA5Cgm203Tq4JJWq209pU0DPdWuqxJFA4GNDCBYtw.111.woff2 → 200 (?ms, ?B)
[2026-03-31T20:39:52.688Z] GET https://fonts.gstatic.com/s/notosanskr/v39/PbykFmXiEBPT4ITbgNA5Cgm203Tq4JJWq209pU0DPdWuqxJFA4GNDCBYtw.112.woff2 → 200 (?ms, ?B)
[2026-03-31T20:39:52.688Z] GET https://fonts.gstatic.com/s/notosanskr/v39/PbykFmXiEBPT4ITbgNA5Cgm203Tq4JJWq209pU0DPdWuqxJFA4GNDCBYtw.113.woff2 → 200 (?ms, ?B)
[2026-03-31T20:39:52.689Z] GET https://fonts.gstatic.com/s/notosanskr/v39/PbykFmXiEBPT4ITbgNA5Cgm203Tq4JJWq209pU0DPdWuqxJFA4GNDCBYtw.114.woff2 → 200 (?ms, ?B)
[2026-03-31T20:39:52.689Z] GET https://fonts.gstatic.com/s/notosanskr/v39/PbykFmXiEBPT4ITbgNA5Cgm203Tq4JJWq209pU0DPdWuqxJFA4GNDCBYtw.115.woff2 → 200 (?ms, ?B)
[2026-03-31T20:39:52.690Z] GET https://fonts.gstatic.com/s/notosanskr/v39/PbykFmXiEBPT4ITbgNA5Cgm203Tq4JJWq209pU0DPdWuqxJFA4GNDCBYtw.116.woff2 → 200 (?ms, ?B)
[2026-03-31T20:39:52.690Z] GET https://fonts.gstatic.com/s/notosanskr/v39/PbykFmXiEBPT4ITbgNA5Cgm203Tq4JJWq209pU0DPdWuqxJFA4GNDCBYtw.117.woff2 → 200 (?ms, ?B)
[2026-03-31T20:39:52.690Z] GET https://fonts.gstatic.com/s/notosanskr/v39/PbykFmXiEBPT4ITbgNA5Cgm203Tq4JJWq209pU0DPdWuqxJFA4GNDCBYtw.118.woff2 → 200 (1ms, ?B)
[2026-03-31T20:39:52.691Z] GET https://fonts.gstatic.com/s/notosanskr/v39/PbykFmXiEBPT4ITbgNA5Cgm203Tq4JJWq209pU0DPdWuqxJFA4GNDCBYtw.119.woff2 → 200 (?ms, ?B)
[2026-03-31T20:39:52.691Z] GET https://fonts.gstatic.com/s/notosanskr/v39/PbykFmXiEBPT4ITbgNA5CgmG0X7twpAcuQ.woff2 → 200 (?ms, ?B)
[2026-03-31T20:39:55.052Z] GET http://localhost:8787/ → 200 (1ms, 36685B)
[2026-03-31T20:39:55.055Z] GET https://fonts.googleapis.com/css2?family=Noto+Sans+KR:wght@300;400;700;900&family=JetBrains+Mono:wght@400;700&family=Libre+Baskerville:ital,wght@0,400;0,700;1,400&display=swap → 200 (?ms, 388411B)
[2026-03-31T20:39:55.056Z] GET http://localhost:8787/assets/inbody-logo-white.svg → 200 (?ms, 26998B)
[2026-03-31T20:39:55.060Z] GET https://fonts.gstatic.com/s/jetbrainsmono/v24/tDbv2o-flEEny0FZhsfKu5WU4zr3E_BX0PnT8RD8yKwBNntkaToggR7BYRbKPxDcwgknk-4.woff2 → 200 (?ms, ?B)
[2026-03-31T20:39:55.061Z] GET https://fonts.gstatic.com/s/librebaskerville/v24/kmKWZrc3Hgbbcjq75U4uslyuy4kn0qNccR04_RUJeby2OU36SjNNlufweKgfqIc.woff2 → 200 (?ms, ?B)
[2026-03-31T20:39:55.062Z] GET https://fonts.gstatic.com/s/librebaskerville/v24/kmKnZrc3Hgbbcjq75U4uslyuy4kn0qNZaxMaC82U.woff2 → 200 (?ms, ?B)
[2026-03-31T20:39:55.062Z] GET https://fonts.gstatic.com/s/notosanskr/v39/PbykFmXiEBPT4ITbgNA5Cgm203Tq4JJWq209pU0DPdWuqxJFA4GNDCBYtw.59.woff2 → 200 (?ms, ?B)
[2026-03-31T20:39:55.062Z] GET https://fonts.gstatic.com/s/notosanskr/v39/PbykFmXiEBPT4ITbgNA5Cgm203Tq4JJWq209pU0DPdWuqxJFA4GNDCBYtw.99.woff2 → 200 (?ms, ?B)
[2026-03-31T20:39:55.062Z] GET https://fonts.gstatic.com/s/notosanskr/v39/PbykFmXiEBPT4ITbgNA5Cgm203Tq4JJWq209pU0DPdWuqxJFA4GNDCBYtw.101.woff2 → 200 (?ms, ?B)
[2026-03-31T20:39:55.063Z] GET https://fonts.gstatic.com/s/notosanskr/v39/PbykFmXiEBPT4ITbgNA5Cgm203Tq4JJWq209pU0DPdWuqxJFA4GNDCBYtw.102.woff2 → 200 (?ms, ?B)
[2026-03-31T20:39:55.063Z] GET https://fonts.gstatic.com/s/notosanskr/v39/PbykFmXiEBPT4ITbgNA5Cgm203Tq4JJWq209pU0DPdWuqxJFA4GNDCBYtw.108.woff2 → 200 (?ms, ?B)
[2026-03-31T20:39:55.064Z] GET https://fonts.gstatic.com/s/notosanskr/v39/PbykFmXiEBPT4ITbgNA5Cgm203Tq4JJWq209pU0DPdWuqxJFA4GNDCBYtw.109.woff2 → 200 (?ms, ?B)
[2026-03-31T20:39:55.064Z] GET https://fonts.gstatic.com/s/notosanskr/v39/PbykFmXiEBPT4ITbgNA5Cgm203Tq4JJWq209pU0DPdWuqxJFA4GNDCBYtw.110.woff2 → 200 (?ms, ?B)
[2026-03-31T20:39:55.064Z] GET https://fonts.gstatic.com/s/notosanskr/v39/PbykFmXiEBPT4ITbgNA5Cgm203Tq4JJWq209pU0DPdWuqxJFA4GNDCBYtw.111.woff2 → 200 (?ms, ?B)
[2026-03-31T20:39:55.065Z] GET https://fonts.gstatic.com/s/notosanskr/v39/PbykFmXiEBPT4ITbgNA5Cgm203Tq4JJWq209pU0DPdWuqxJFA4GNDCBYtw.112.woff2 → 200 (?ms, ?B)
[2026-03-31T20:39:55.065Z] GET https://fonts.gstatic.com/s/notosanskr/v39/PbykFmXiEBPT4ITbgNA5Cgm203Tq4JJWq209pU0DPdWuqxJFA4GNDCBYtw.113.woff2 → 200 (?ms, ?B)
[2026-03-31T20:39:55.065Z] GET https://fonts.gstatic.com/s/notosanskr/v39/PbykFmXiEBPT4ITbgNA5Cgm203Tq4JJWq209pU0DPdWuqxJFA4GNDCBYtw.114.woff2 → 200 (?ms, ?B)
[2026-03-31T20:39:55.066Z] GET https://fonts.gstatic.com/s/notosanskr/v39/PbykFmXiEBPT4ITbgNA5Cgm203Tq4JJWq209pU0DPdWuqxJFA4GNDCBYtw.115.woff2 → 200 (?ms, ?B)
[2026-03-31T20:39:55.066Z] GET https://fonts.gstatic.com/s/notosanskr/v39/PbykFmXiEBPT4ITbgNA5Cgm203Tq4JJWq209pU0DPdWuqxJFA4GNDCBYtw.116.woff2 → 200 (?ms, ?B)
[2026-03-31T20:39:55.066Z] GET https://fonts.gstatic.com/s/notosanskr/v39/PbykFmXiEBPT4ITbgNA5Cgm203Tq4JJWq209pU0DPdWuqxJFA4GNDCBYtw.117.woff2 → 200 (?ms, ?B)
[2026-03-31T20:39:55.066Z] GET https://fonts.gstatic.com/s/notosanskr/v39/PbykFmXiEBPT4ITbgNA5Cgm203Tq4JJWq209pU0DPdWuqxJFA4GNDCBYtw.118.woff2 → 200 (?ms, ?B)
[2026-03-31T20:39:55.067Z] GET https://fonts.gstatic.com/s/notosanskr/v39/PbykFmXiEBPT4ITbgNA5Cgm203Tq4JJWq209pU0DPdWuqxJFA4GNDCBYtw.119.woff2 → 200 (?ms, ?B)
[2026-03-31T20:39:55.067Z] GET https://fonts.gstatic.com/s/notosanskr/v39/PbykFmXiEBPT4ITbgNA5CgmG0X7twpAcuQ.woff2 → 200 (?ms, ?B)
[2026-03-31T20:39:58.165Z] GET http://localhost:8787/ → 200 (1ms, 36685B)
[2026-03-31T20:39:58.168Z] GET https://fonts.googleapis.com/css2?family=Noto+Sans+KR:wght@300;400;700;900&family=JetBrains+Mono:wght@400;700&family=Libre+Baskerville:ital,wght@0,400;0,700;1,400&display=swap → 200 (1ms, 388411B)
[2026-03-31T20:39:58.169Z] GET http://localhost:8787/assets/inbody-logo-white.svg → 200 (?ms, 26998B)
[2026-03-31T20:39:58.171Z] GET https://fonts.gstatic.com/s/jetbrainsmono/v24/tDbv2o-flEEny0FZhsfKu5WU4zr3E_BX0PnT8RD8yKwBNntkaToggR7BYRbKPxDcwgknk-4.woff2 → 200 (1ms, ?B)
[2026-03-31T20:39:58.172Z] GET https://fonts.gstatic.com/s/librebaskerville/v24/kmKWZrc3Hgbbcjq75U4uslyuy4kn0qNccR04_RUJeby2OU36SjNNlufweKgfqIc.woff2 → 200 (?ms, ?B)
[2026-03-31T20:39:58.172Z] GET https://fonts.gstatic.com/s/librebaskerville/v24/kmKnZrc3Hgbbcjq75U4uslyuy4kn0qNZaxMaC82U.woff2 → 200 (?ms, ?B)
[2026-03-31T20:39:58.172Z] GET https://fonts.gstatic.com/s/notosanskr/v39/PbykFmXiEBPT4ITbgNA5Cgm203Tq4JJWq209pU0DPdWuqxJFA4GNDCBYtw.59.woff2 → 200 (?ms, ?B)
[2026-03-31T20:39:58.172Z] GET https://fonts.gstatic.com/s/notosanskr/v39/PbykFmXiEBPT4ITbgNA5Cgm203Tq4JJWq209pU0DPdWuqxJFA4GNDCBYtw.99.woff2 → 200 (1ms, ?B)
[2026-03-31T20:39:58.173Z] GET https://fonts.gstatic.com/s/notosanskr/v39/PbykFmXiEBPT4ITbgNA5Cgm203Tq4JJWq209pU0DPdWuqxJFA4GNDCBYtw.101.woff2 → 200 (?ms, ?B)
[2026-03-31T20:39:58.173Z] GET https://fonts.gstatic.com/s/notosanskr/v39/PbykFmXiEBPT4ITbgNA5Cgm203Tq4JJWq209pU0DPdWuqxJFA4GNDCBYtw.102.woff2 → 200 (1ms, ?B)
[2026-03-31T20:39:58.174Z] GET https://fonts.gstatic.com/s/notosanskr/v39/PbykFmXiEBPT4ITbgNA5Cgm203Tq4JJWq209pU0DPdWuqxJFA4GNDCBYtw.108.woff2 → 200 (?ms, ?B)
[2026-03-31T20:39:58.174Z] GET https://fonts.gstatic.com/s/notosanskr/v39/PbykFmXiEBPT4ITbgNA5Cgm203Tq4JJWq209pU0DPdWuqxJFA4GNDCBYtw.109.woff2 → 200 (4ms, ?B)
[2026-03-31T20:39:58.178Z] GET https://fonts.gstatic.com/s/notosanskr/v39/PbykFmXiEBPT4ITbgNA5Cgm203Tq4JJWq209pU0DPdWuqxJFA4GNDCBYtw.110.woff2 → 200 (?ms, ?B)
[2026-03-31T20:39:58.178Z] GET https://fonts.gstatic.com/s/notosanskr/v39/PbykFmXiEBPT4ITbgNA5Cgm203Tq4JJWq209pU0DPdWuqxJFA4GNDCBYtw.111.woff2 → 200 (1ms, ?B)
[2026-03-31T20:39:58.180Z] GET https://fonts.gstatic.com/s/notosanskr/v39/PbykFmXiEBPT4ITbgNA5Cgm203Tq4JJWq209pU0DPdWuqxJFA4GNDCBYtw.112.woff2 → 200 (?ms, ?B)
[2026-03-31T20:39:58.180Z] GET https://fonts.gstatic.com/s/notosanskr/v39/PbykFmXiEBPT4ITbgNA5Cgm203Tq4JJWq209pU0DPdWuqxJFA4GNDCBYtw.113.woff2 → 200 (?ms, ?B)
[2026-03-31T20:39:58.180Z] GET https://fonts.gstatic.com/s/notosanskr/v39/PbykFmXiEBPT4ITbgNA5Cgm203Tq4JJWq209pU0DPdWuqxJFA4GNDCBYtw.114.woff2 → 200 (?ms, ?B)
[2026-03-31T20:39:58.180Z] GET https://fonts.gstatic.com/s/notosanskr/v39/PbykFmXiEBPT4ITbgNA5Cgm203Tq4JJWq209pU0DPdWuqxJFA4GNDCBYtw.115.woff2 → 200 (1ms, ?B)
[2026-03-31T20:39:58.181Z] GET https://fonts.gstatic.com/s/notosanskr/v39/PbykFmXiEBPT4ITbgNA5Cgm203Tq4JJWq209pU0DPdWuqxJFA4GNDCBYtw.116.woff2 → 200 (?ms, ?B)
[2026-03-31T20:39:58.181Z] GET https://fonts.gstatic.com/s/notosanskr/v39/PbykFmXiEBPT4ITbgNA5Cgm203Tq4JJWq209pU0DPdWuqxJFA4GNDCBYtw.117.woff2 → 200 (?ms, ?B)
[2026-03-31T20:39:58.181Z] GET https://fonts.gstatic.com/s/notosanskr/v39/PbykFmXiEBPT4ITbgNA5Cgm203Tq4JJWq209pU0DPdWuqxJFA4GNDCBYtw.118.woff2 → 200 (?ms, ?B)
[2026-03-31T20:39:58.181Z] GET https://fonts.gstatic.com/s/notosanskr/v39/PbykFmXiEBPT4ITbgNA5Cgm203Tq4JJWq209pU0DPdWuqxJFA4GNDCBYtw.119.woff2 → 200 (1ms, ?B)
[2026-03-31T20:39:58.182Z] GET https://fonts.gstatic.com/s/notosanskr/v39/PbykFmXiEBPT4ITbgNA5CgmG0X7twpAcuQ.woff2 → 200 (?ms, ?B)
